[0510/001956.792:ERROR:process_reader_win.cc(123)] NtOpenThread: {Отказано в доступе} Процесс запросил доступ к объекту, но права на доступ не предоставлены. (0xc0000022)
[0510/001956.792:ERROR:process_reader_win.cc(123)] NtOpenThread: {Отказано в доступе} Процесс запросил доступ к объекту, но права на доступ не предоставлены. (0xc0000022)
[0510/001956.796:ERROR:process_reader_win.cc(123)] NtOpenThread: {Отказано в доступе} Процесс запросил доступ к объекту, но права на доступ не предоставлены. (0xc0000022)
[0510/001956.794:ERROR:process_reader_win.cc(123)] NtOpenThread: {Отказано в доступе} Процесс запросил доступ к объекту, но права на доступ не предоставлены. (0xc0000022)
[0510/001956.798:ERROR:exception_snapshot_win.cc(98)] thread ID 17532 not found in process
[0510/001956.798:ERROR:exception_snapshot_win.cc(98)] thread ID 15884 not found in process
[0510/001956.798:ERROR:exception_snapshot_win.cc(98)] thread ID 6068 not found in process
[0510/001956.798:ERROR:exception_snapshot_win.cc(98)] thread ID 25460 not found in process
[0510/001956.801:ERROR:process_reader_win.cc(123)] NtOpenThread: {Отказано в доступе} Процесс запросил доступ к объекту, но права на доступ не предоставлены. (0xc0000022)
[0510/001956.801:ERROR:exception_snapshot_win.cc(98)] thread ID 24316 not found in process
[0510/001956.818:ERROR:process_reader_win.cc(123)] NtOpenThread: {Отказано в доступе} Процесс запросил доступ к объекту, но права на доступ не предоставлены. (0xc0000022)
[0510/001956.818:ERROR:exception_snapshot_win.cc(98)] thread ID 21388 not found in process
[0510/001956.820:ERROR:process_reader_win.cc(123)] NtOpenThread: {Отказано в доступе} Процесс запросил доступ к объекту, но права на доступ не предоставлены. (0xc0000022)
[0510/001956.820:ERROR:exception_snapshot_win.cc(98)] thread ID 15992 not found in process
[0510/001956.822:ERROR:process_reader_win.cc(123)] NtOpenThread: {Отказано в доступе} Процесс запросил доступ к объекту, но права на доступ не предоставлены. (0xc0000022)
[0510/001956.822:ERROR:exception_snapshot_win.cc(98)] thread ID 6212 not found in process
[0510/001956.823:ERROR:process_reader_win.cc(123)] NtOpenThread: {Отказано в доступе} Процесс запросил доступ к объекту, но права на доступ не предоставлены. (0xc0000022)
[0510/001956.823:ERROR:exception_snapshot_win.cc(98)] thread ID 5856 not found in process
[0510/001956.825:ERROR:process_reader_win.cc(123)] NtOpenThread: {Отказано в доступе} Процесс запросил доступ к объекту, но права на доступ не предоставлены. (0xc0000022)
[0510/001956.825:ERROR:exception_snapshot_win.cc(98)] thread ID 14104 not found in process
[0510/001956.825:ERROR:process_reader_win.cc(123)] NtOpenThread: {Отказано в доступе} Процесс запросил доступ к объекту, но права на доступ не предоставлены. (0xc0000022)
[0510/001956.825:ERROR:exception_snapshot_win.cc(98)] thread ID 22632 not found in process
[0510/001956.828:ERROR:process_reader_win.cc(123)] NtOpenThread: {Отказано в доступе} Процесс запросил доступ к объекту, но права на доступ не предоставлены. (0xc0000022)
[0510/001956.829:ERROR:exception_snapshot_win.cc(98)] thread ID 19416 not found in process
[0510/001956.830:ERROR:process_reader_win.cc(123)] NtOpenThread: {Отказано в доступе} Процесс запросил доступ к объекту, но права на доступ не предоставлены. (0xc0000022)
[0510/001956.830:ERROR:process_reader_win.cc(123)] NtOpenThread: {Отказано в доступе} Процесс запросил доступ к объекту, но права на доступ не предоставлены. (0xc0000022)
[0510/001956.830:ERROR:exception_snapshot_win.cc(98)] thread ID 19056 not found in process
[0510/001956.830:ERROR:exception_snapshot_win.cc(98)] thread ID 25232 not found in process
[0510/001956.831:ERROR:process_reader_win.cc(123)] NtOpenThread: {Отказано в доступе} Процесс запросил доступ к объекту, но права на доступ не предоставлены. (0xc0000022)
[0510/001956.831:ERROR:exception_snapshot_win.cc(98)] thread ID 25468 not found in process
[0510/001956.831:ERROR:process_reader_win.cc(123)] NtOpenThread: {Отказано в доступе} Процесс запросил доступ к объекту, но права на доступ не предоставлены. (0xc0000022)
[0510/001956.831:ERROR:exception_snapshot_win.cc(98)] thread ID 15124 not found in process
[0510/001956.838:ERROR:process_reader_win.cc(123)] NtOpenThread: {Отказано в доступе} Процесс запросил доступ к объекту, но права на доступ не предоставлены. (0xc0000022)
[0510/001956.838:ERROR:exception_snapshot_win.cc(98)] thread ID 4148 not found in process
[0510/001956.842:ERROR:process_reader_win.cc(123)] NtOpenThread: {Отказано в доступе} Процесс запросил доступ к объекту, но права на доступ не предоставлены. (0xc0000022)
[0510/001956.842:ERROR:exception_snapshot_win.cc(98)] thread ID 23016 not found in process
[0510/001956.844:ERROR:process_reader_win.cc(123)] NtOpenThread: {Отказано в доступе} Процесс запросил доступ к объекту, но права на доступ не предоставлены. (0xc0000022)
[0510/001956.844:ERROR:process_reader_win.cc(123)] NtOpenThread: {Отказано в доступе} Процесс запросил доступ к объекту, но права на доступ не предоставлены. (0xc0000022)
[0510/001956.844:ERROR:exception_snapshot_win.cc(98)] thread ID 20400 not found in process
[0510/001956.844:ERROR:exception_snapshot_win.cc(98)] thread ID 21228 not found in process
[0510/001956.847:ERROR:process_reader_win.cc(123)] NtOpenThread: {Отказано в доступе} Процесс запросил доступ к объекту, но права на доступ не предоставлены. (0xc0000022)
[0510/001956.847:ERROR:exception_snapshot_win.cc(98)] thread ID 16436 not found in process
[0510/001956.847:ERROR:process_reader_win.cc(123)] NtOpenThread: {Отказано в доступе} Процесс запросил доступ к объекту, но права на доступ не предоставлены. (0xc0000022)
[0510/001956.847:ERROR:exception_snapshot_win.cc(98)] thread ID 13920 not found in process
[0510/001956.853:ERROR:process_reader_win.cc(123)] NtOpenThread: {Отказано в доступе} Процесс запросил доступ к объекту, но права на доступ не предоставлены. (0xc0000022)
[0510/001956.853:ERROR:exception_snapshot_win.cc(98)] thread ID 4980 not found in process
[0510/001956.942:ERROR:process_info.cc(329)] VirtualQueryEx: Отказано в доступе. (0x5)
[0510/001956.942:ERROR:process_info.cc(556)] ReadMemoryInfo failed
[0510/001956.942:ERROR:process_memory_win.cc(39)] Failed to initialize ProcessInfo.
[0510/001956.942:ERROR:scoped_process_suspend.cc(40)] NtResumeProcess: Попытка доступа к процессу, выполняющему процедуру завершения. (0xc000010a)
